<!DOCTYPE html>

<html>
  <head>
  <meta charset='utf-8'>
  <title>TestNG reports</title>

    <link type="text/css" href="testng-reports1.css" rel="stylesheet" id="ultra" />
    <link type="text/css" href="testng-reports.css" rel="stylesheet" id="retro" disabled="false"/>
    <script type="text/javascript" src="jquery.min.js"></script>
    <script type="text/javascript" src="testng-reports.js"></script>
    <script type="text/javascript" src="https://www.google.com/jsapi"></script>
    <script type='text/javascript'>
      google.load('visualization', '1', {packages:['table']});
      google.setOnLoadCallback(drawTable);
      var suiteTableInitFunctions = new Array();
      var suiteTableData = new Array();
    </script>
    <!--
      <script type="text/javascript" src="jquery-ui/js/jquery-ui-1.8.16.custom.min.js"></script>
     -->
  </head>

  <body>
    <div class="top-banner-root">
      <span class="top-banner-title-font">Test results</span>
      <button class="button" id="button">Switch Retro Theme</button> <!-- button -->
      <br/>
      <span class="top-banner-font-1">1 suite, 3 failed tests</span>
    </div> <!-- top-banner-root -->
    <div class="navigator-root">
      <div class="navigator-suite-header">
        <span>All suites</span>
        <a href="#" class="collapse-all-link" title="Collapse/expand all the suites">
          <img class="collapse-all-icon" src="collapseall.gif">
          </img> <!-- collapse-all-icon -->
        </a> <!-- collapse-all-link -->
      </div> <!-- navigator-suite-header -->
      <div class="suite">
        <div class="rounded-window">
          <div class="suite-header light-rounded-window-top">
            <a href="#" class="navigator-link" panel-name="suite-PositiveLoginTestSuite">
              <span class="suite-name border-failed">PositiveLoginTestSuite</span>
            </a> <!-- navigator-link -->
          </div> <!-- suite-header light-rounded-window-top -->
          <div class="navigator-suite-content">
            <div class="suite-section-title">
              <span>Info</span>
            </div> <!-- suite-section-title -->
            <div class="suite-section-content">
              <ul>
                <li>
                  <a href="#" class="navigator-link " panel-name="test-xml-PositiveLoginTestSuite">
                    <span>PositiveTests.xml</span>
                  </a> <!-- navigator-link  -->
                </li>
                <li>
                  <a href="#" class="navigator-link " panel-name="testlist-PositiveLoginTestSuite">
                    <span class="test-stats">1 test</span>
                  </a> <!-- navigator-link  -->
                </li>
                <li>
                  <a href="#" class="navigator-link " panel-name="group-PositiveLoginTestSuite">
                    <span>0 groups</span>
                  </a> <!-- navigator-link  -->
                </li>
                <li>
                  <a href="#" class="navigator-link " panel-name="times-PositiveLoginTestSuite">
                    <span>Times</span>
                  </a> <!-- navigator-link  -->
                </li>
                <li>
                  <a href="#" class="navigator-link " panel-name="reporter-PositiveLoginTestSuite">
                    <span>Reporter output</span>
                  </a> <!-- navigator-link  -->
                </li>
                <li>
                  <a href="#" class="navigator-link " panel-name="ignored-methods-PositiveLoginTestSuite">
                    <span>Ignored methods</span>
                  </a> <!-- navigator-link  -->
                </li>
                <li>
                  <a href="#" class="navigator-link " panel-name="chronological-PositiveLoginTestSuite">
                    <span>Chronological view</span>
                  </a> <!-- navigator-link  -->
                </li>
              </ul>
            </div> <!-- suite-section-content -->
            <div class="result-section">
              <div class="suite-section-title">
                <span>Results</span>
              </div> <!-- suite-section-title -->
              <div class="suite-section-content">
                <ul>
                  <li>
                    <span class="method-stats">5 methods, 3 failed,   2 passed</span>
                  </li>
                  <li>
                    <span class="method-list-title failed">Failed methods</span>
                    <span class="show-or-hide-methods failed">
                      <a href="#" panel-name="suite-PositiveLoginTestSuite" class="hide-methods failed suite-PositiveLoginTestSuite"> (hide)</a> <!-- hide-methods failed suite-PositiveLoginTestSuite -->
                      <a href="#" panel-name="suite-PositiveLoginTestSuite" class="show-methods failed suite-PositiveLoginTestSuite"> (show)</a> <!-- show-methods failed suite-PositiveLoginTestSuite -->
                    </span>
                    <div class="method-list-content failed suite-PositiveLoginTestSuite">
                      <span>
                        <img width="3%" src="failed.png"/>
                        <a href="#" class="method navigator-link" panel-name="suite-PositiveLoginTestSuite" title="com.tribu.seleniumframework.tests.PositiveLoginTests" hash-for-method="logInTest({no=5, description=Qauser5, password=Testing125#$, sharpID=100000005, expectedMessage=Simplifica Hub...)">logInTest({no=5, description=Qauser5, password=Testing125#$, sharpID=100000005, expectedMessage=Simplifica Hub...)</a> <!-- method navigator-link -->
                      </span>
                      <br/>
                      <span>
                        <img width="3%" src="failed.png"/>
                        <a href="#" class="method navigator-link" panel-name="suite-PositiveLoginTestSuite" title="com.tribu.seleniumframework.tests.PositiveLoginTests" hash-for-method="logInTest({no=4, description=Qauser4, password=Testing123#$, sharpID=100000004, expectedMessage=Simplifica Hub...)">logInTest({no=4, description=Qauser4, password=Testing123#$, sharpID=100000004, expectedMessage=Simplifica Hub...)</a> <!-- method navigator-link -->
                      </span>
                      <br/>
                      <span>
                        <img width="3%" src="failed.png"/>
                        <a href="#" class="method navigator-link" panel-name="suite-PositiveLoginTestSuite" title="com.tribu.seleniumframework.tests.PositiveLoginTests" hash-for-method="logInTest({no=3, description=Qauser3, password=Testing125#$, sharpID=100000003, expectedMessage=Simplifica Hub...)">logInTest({no=3, description=Qauser3, password=Testing125#$, sharpID=100000003, expectedMessage=Simplifica Hub...)</a> <!-- method navigator-link -->
                      </span>
                      <br/>
                    </div> <!-- method-list-content failed suite-PositiveLoginTestSuite -->
                  </li>
                  <li>
                    <span class="method-list-title passed">Passed methods</span>
                    <span class="show-or-hide-methods passed">
                      <a href="#" panel-name="suite-PositiveLoginTestSuite" class="hide-methods passed suite-PositiveLoginTestSuite"> (hide)</a> <!-- hide-methods passed suite-PositiveLoginTestSuite -->
                      <a href="#" panel-name="suite-PositiveLoginTestSuite" class="show-methods passed suite-PositiveLoginTestSuite"> (show)</a> <!-- show-methods passed suite-PositiveLoginTestSuite -->
                    </span>
                    <div class="method-list-content passed suite-PositiveLoginTestSuite">
                      <span>
                        <img width="3%" src="passed.png"/>
                        <a href="#" class="method navigator-link" panel-name="suite-PositiveLoginTestSuite" title="com.tribu.seleniumframework.tests.PositiveLoginTests" hash-for-method="logInTest({no=2, description=Qauser2, password=Testing123#$, sharpID=100000002, expectedMessage=Simplifica Hub...)">logInTest({no=2, description=Qauser2, password=Testing123#$, sharpID=100000002, expectedMessage=Simplifica Hub...)</a> <!-- method navigator-link -->
                      </span>
                      <br/>
                      <span>
                        <img width="3%" src="passed.png"/>
                        <a href="#" class="method navigator-link" panel-name="suite-PositiveLoginTestSuite" title="com.tribu.seleniumframework.tests.PositiveLoginTests" hash-for-method="logInTest({no=1, description=Qauser1, password=Testing123#$, sharpID=100000001, expectedMessage=Simplifica Hub...)">logInTest({no=1, description=Qauser1, password=Testing123#$, sharpID=100000001, expectedMessage=Simplifica Hub...)</a> <!-- method navigator-link -->
                      </span>
                      <br/>
                    </div> <!-- method-list-content passed suite-PositiveLoginTestSuite -->
                  </li>
                </ul>
              </div> <!-- suite-section-content -->
            </div> <!-- result-section -->
          </div> <!-- navigator-suite-content -->
        </div> <!-- rounded-window -->
      </div> <!-- suite -->
    </div> <!-- navigator-root -->
    <div class="wrapper">
      <div class="main-panel-root">
        <div panel-name="suite-PositiveLoginTestSuite" class="panel PositiveLoginTestSuite">
          <div class="suite-PositiveLoginTestSuite-class-failed">
            <div class="main-panel-header rounded-window-top">
              <img src="failed.png"/>
              <span class="class-name">com.tribu.seleniumframework.tests.PositiveLoginTests</span>
            </div> <!-- main-panel-header rounded-window-top -->
            <div class="main-panel-content rounded-window-bottom">
              <div class="method">
                <div class="method-content">
                  <a name="logInTest({no=5, description=Qauser5, password=Testing125#$, sharpID=100000005, expectedMessage=Simplifica Hub...)">
                  </a> <!-- logInTest({no=5, description=Qauser5, password=Testing125#$, sharpID=100000005, expectedMessage=Simplifica Hub...) -->
                  <span class="method-name">logInTest</span>
                  <span class="parameters">({no=5, description=Qauser5, password=Testing125#$, sharpID=100000005, expectedMessage=Simplifica Hub})</span>
                  <div class="stack-trace">org.openqa.selenium.NoSuchElementException: Unable to locate element: //button[@id = &apos;dropdownMenuButton&apos;]
For documentation on this error, please visit: https://www.seleniumhq.org/exceptions/no_such_element.html
Build info: version: &apos;3.141.59&apos;, revision: &apos;e82be7d358&apos;, time: &apos;2018-11-14T08:17:03&apos;
System info: host: &apos;station&apos;, ip: &apos;127.0.1.1&apos;, os.name: &apos;Linux&apos;, os.arch: &apos;amd64&apos;, os.version: &apos;4.19.0-18-amd64&apos;, java.version: &apos;1.8.0_292&apos;
Driver info: org.openqa.selenium.firefox.FirefoxDriver
Capabilities {acceptInsecureCerts: true, browserName: firefox, browserVersion: 78.15.0, javascriptEnabled: true, moz:accessibilityChecks: false, moz:buildID: 20210927121355, moz:geckodriverVersion: 0.26.0, moz:headless: false, moz:processID: 8264, moz:profile: /tmp/rust_mozprofiledoLKTN, moz:shutdownTimeout: 60000, moz:useNonSpecCompliantPointerOrigin: false, moz:webdriverClick: true, pageLoadStrategy: normal, platform: LINUX, platformName: LINUX, platformVersion: 4.19.0-18-amd64, rotatable: false, setWindowRect: true, strictFileInteractability: false, timeouts: {implicit: 0, pageLoad: 300000, script: 30000}, unhandledPromptBehavior: dismiss and notify}
Session ID: 4a26bccf-87c9-48e9-9ed4-7164a5832725
*** Element info: {Using=xpath, value=//button[@id = &apos;dropdownMenuButton&apos;]}
	at sun.reflect.NativeConstructorAccessorImpl.newInstance0(Native Method)
	at sun.reflect.NativeConstructorAccessorImpl.newInstance(NativeConstructorAccessorImpl.java:62)
	at sun.reflect.DelegatingConstructorAccessorImpl.newInstance(DelegatingConstructorAccessorImpl.java:45)
	at java.lang.reflect.Constructor.newInstance(Constructor.java:423)
	at org.openqa.selenium.remote.http.W3CHttpResponseCodec.createException(W3CHttpResponseCodec.java:187)
	at org.openqa.selenium.remote.http.W3CHttpResponseCodec.decode(W3CHttpResponseCodec.java:122)
	at org.openqa.selenium.remote.http.W3CHttpResponseCodec.decode(W3CHttpResponseCodec.java:49)
	at org.openqa.selenium.remote.HttpCommandExecutor.execute(HttpCommandExecutor.java:158)
	at org.openqa.selenium.remote.service.DriverCommandExecutor.execute(DriverCommandExecutor.java:83)
	at org.openqa.selenium.remote.RemoteWebDriver.execute(RemoteWebDriver.java:552)
	at org.openqa.selenium.remote.RemoteWebDriver.findElement(RemoteWebDriver.java:323)
	at org.openqa.selenium.remote.RemoteWebDriver.findElementByXPath(RemoteWebDriver.java:428)
	at org.openqa.selenium.By$ByXPath.findElement(By.java:353)
	at org.openqa.selenium.remote.RemoteWebDriver.findElement(RemoteWebDriver.java:315)
	at com.tribu.seleniumframework.pages.SimplificaHomePage.profileMenuButtonVisible(SimplificaHomePage.java:31)
	at com.tribu.seleniumframework.tests.PositiveLoginTests.logInTest(PositiveLoginTests.java:60)
	at sun.reflect.NativeMethodAccessorImpl.invoke0(Native Method)
	at sun.reflect.NativeMethodAccessorImpl.invoke(NativeMethodAccessorImpl.java:62)
	at sun.reflect.DelegatingMethodAccessorImpl.invoke(DelegatingMethodAccessorImpl.java:43)
	at java.lang.reflect.Method.invoke(Method.java:498)
	at org.testng.internal.MethodInvocationHelper.invokeMethod(MethodInvocationHelper.java:133)
	at org.testng.internal.TestInvoker.invokeMethod(TestInvoker.java:598)
	at org.testng.internal.TestInvoker.invokeTestMethod(TestInvoker.java:173)
	at org.testng.internal.TestMethodWithDataProviderMethodWorker.call(TestMethodWithDataProviderMethodWorker.java:77)
	at org.testng.internal.TestMethodWithDataProviderMethodWorker.call(TestMethodWithDataProviderMethodWorker.java:15)
	at java.util.concurrent.FutureTask.run(FutureTask.java:266)
	at java.util.concurrent.Executors$RunnableAdapter.call(Executors.java:511)
	at java.util.concurrent.FutureTask.run(FutureTask.java:266)
	at java.util.concurrent.ThreadPoolExecutor.runWorker(ThreadPoolExecutor.java:1149)
	at java.util.concurrent.ThreadPoolExecutor$Worker.run(ThreadPoolExecutor.java:624)
	at java.lang.Thread.run(Thread.java:748)

</div> <!-- stack-trace -->
                </div> <!-- method-content -->
              </div> <!-- method -->
              <div class="method">
                <div class="method-content">
                  <a name="logInTest({no=4, description=Qauser4, password=Testing123#$, sharpID=100000004, expectedMessage=Simplifica Hub...)">
                  </a> <!-- logInTest({no=4, description=Qauser4, password=Testing123#$, sharpID=100000004, expectedMessage=Simplifica Hub...) -->
                  <span class="method-name">logInTest</span>
                  <span class="parameters">({no=4, description=Qauser4, password=Testing123#$, sharpID=100000004, expectedMessage=Simplifica Hub})</span>
                  <div class="stack-trace">org.openqa.selenium.NoSuchElementException: Unable to locate element: //button[@id = &apos;dropdownMenuButton&apos;]
For documentation on this error, please visit: https://www.seleniumhq.org/exceptions/no_such_element.html
Build info: version: &apos;3.141.59&apos;, revision: &apos;e82be7d358&apos;, time: &apos;2018-11-14T08:17:03&apos;
System info: host: &apos;station&apos;, ip: &apos;127.0.1.1&apos;, os.name: &apos;Linux&apos;, os.arch: &apos;amd64&apos;, os.version: &apos;4.19.0-18-amd64&apos;, java.version: &apos;1.8.0_292&apos;
Driver info: org.openqa.selenium.firefox.FirefoxDriver
Capabilities {acceptInsecureCerts: true, browserName: firefox, browserVersion: 78.15.0, javascriptEnabled: true, moz:accessibilityChecks: false, moz:buildID: 20210927121355, moz:geckodriverVersion: 0.26.0, moz:headless: false, moz:processID: 8252, moz:profile: /tmp/rust_mozprofile4iBMC8, moz:shutdownTimeout: 60000, moz:useNonSpecCompliantPointerOrigin: false, moz:webdriverClick: true, pageLoadStrategy: normal, platform: LINUX, platformName: LINUX, platformVersion: 4.19.0-18-amd64, rotatable: false, setWindowRect: true, strictFileInteractability: false, timeouts: {implicit: 0, pageLoad: 300000, script: 30000}, unhandledPromptBehavior: dismiss and notify}
Session ID: ddc336e6-e1db-4417-ad22-88eab9ba2d90
*** Element info: {Using=xpath, value=//button[@id = &apos;dropdownMenuButton&apos;]}
	at sun.reflect.NativeConstructorAccessorImpl.newInstance0(Native Method)
	at sun.reflect.NativeConstructorAccessorImpl.newInstance(NativeConstructorAccessorImpl.java:62)
	at sun.reflect.DelegatingConstructorAccessorImpl.newInstance(DelegatingConstructorAccessorImpl.java:45)
	at java.lang.reflect.Constructor.newInstance(Constructor.java:423)
	at org.openqa.selenium.remote.http.W3CHttpResponseCodec.createException(W3CHttpResponseCodec.java:187)
	at org.openqa.selenium.remote.http.W3CHttpResponseCodec.decode(W3CHttpResponseCodec.java:122)
	at org.openqa.selenium.remote.http.W3CHttpResponseCodec.decode(W3CHttpResponseCodec.java:49)
	at org.openqa.selenium.remote.HttpCommandExecutor.execute(HttpCommandExecutor.java:158)
	at org.openqa.selenium.remote.service.DriverCommandExecutor.execute(DriverCommandExecutor.java:83)
	at org.openqa.selenium.remote.RemoteWebDriver.execute(RemoteWebDriver.java:552)
	at org.openqa.selenium.remote.RemoteWebDriver.findElement(RemoteWebDriver.java:323)
	at org.openqa.selenium.remote.RemoteWebDriver.findElementByXPath(RemoteWebDriver.java:428)
	at org.openqa.selenium.By$ByXPath.findElement(By.java:353)
	at org.openqa.selenium.remote.RemoteWebDriver.findElement(RemoteWebDriver.java:315)
	at com.tribu.seleniumframework.pages.SimplificaHomePage.profileMenuButtonVisible(SimplificaHomePage.java:31)
	at com.tribu.seleniumframework.tests.PositiveLoginTests.logInTest(PositiveLoginTests.java:60)
	at sun.reflect.NativeMethodAccessorImpl.invoke0(Native Method)
	at sun.reflect.NativeMethodAccessorImpl.invoke(NativeMethodAccessorImpl.java:62)
	at sun.reflect.DelegatingMethodAccessorImpl.invoke(DelegatingMethodAccessorImpl.java:43)
	at java.lang.reflect.Method.invoke(Method.java:498)
	at org.testng.internal.MethodInvocationHelper.invokeMethod(MethodInvocationHelper.java:133)
	at org.testng.internal.TestInvoker.invokeMethod(TestInvoker.java:598)
	at org.testng.internal.TestInvoker.invokeTestMethod(TestInvoker.java:173)
	at org.testng.internal.TestMethodWithDataProviderMethodWorker.call(TestMethodWithDataProviderMethodWorker.java:77)
	at org.testng.internal.TestMethodWithDataProviderMethodWorker.call(TestMethodWithDataProviderMethodWorker.java:15)
	at java.util.concurrent.FutureTask.run(FutureTask.java:266)
	at java.util.concurrent.Executors$RunnableAdapter.call(Executors.java:511)
	at java.util.concurrent.FutureTask.run(FutureTask.java:266)
	at java.util.concurrent.ThreadPoolExecutor.runWorker(ThreadPoolExecutor.java:1149)
	at java.util.concurrent.ThreadPoolExecutor$Worker.run(ThreadPoolExecutor.java:624)
	at java.lang.Thread.run(Thread.java:748)

</div> <!-- stack-trace -->
                </div> <!-- method-content -->
              </div> <!-- method -->
              <div class="method">
                <div class="method-content">
                  <a name="logInTest({no=3, description=Qauser3, password=Testing125#$, sharpID=100000003, expectedMessage=Simplifica Hub...)">
                  </a> <!-- logInTest({no=3, description=Qauser3, password=Testing125#$, sharpID=100000003, expectedMessage=Simplifica Hub...) -->
                  <span class="method-name">logInTest</span>
                  <span class="parameters">({no=3, description=Qauser3, password=Testing125#$, sharpID=100000003, expectedMessage=Simplifica Hub})</span>
                  <div class="stack-trace">org.openqa.selenium.NoSuchElementException: Unable to locate element: //button[@id = &apos;dropdownMenuButton&apos;]
For documentation on this error, please visit: https://www.seleniumhq.org/exceptions/no_such_element.html
Build info: version: &apos;3.141.59&apos;, revision: &apos;e82be7d358&apos;, time: &apos;2018-11-14T08:17:03&apos;
System info: host: &apos;station&apos;, ip: &apos;127.0.1.1&apos;, os.name: &apos;Linux&apos;, os.arch: &apos;amd64&apos;, os.version: &apos;4.19.0-18-amd64&apos;, java.version: &apos;1.8.0_292&apos;
Driver info: org.openqa.selenium.firefox.FirefoxDriver
Capabilities {acceptInsecureCerts: true, browserName: firefox, browserVersion: 78.15.0, javascriptEnabled: true, moz:accessibilityChecks: false, moz:buildID: 20210927121355, moz:geckodriverVersion: 0.26.0, moz:headless: false, moz:processID: 8251, moz:profile: /tmp/rust_mozprofileZG55PU, moz:shutdownTimeout: 60000, moz:useNonSpecCompliantPointerOrigin: false, moz:webdriverClick: true, pageLoadStrategy: normal, platform: LINUX, platformName: LINUX, platformVersion: 4.19.0-18-amd64, rotatable: false, setWindowRect: true, strictFileInteractability: false, timeouts: {implicit: 0, pageLoad: 300000, script: 30000}, unhandledPromptBehavior: dismiss and notify}
Session ID: 0338cd78-9833-4be2-b8f8-4d3c575b8a49
*** Element info: {Using=xpath, value=//button[@id = &apos;dropdownMenuButton&apos;]}
	at sun.reflect.NativeConstructorAccessorImpl.newInstance0(Native Method)
	at sun.reflect.NativeConstructorAccessorImpl.newInstance(NativeConstructorAccessorImpl.java:62)
	at sun.reflect.DelegatingConstructorAccessorImpl.newInstance(DelegatingConstructorAccessorImpl.java:45)
	at java.lang.reflect.Constructor.newInstance(Constructor.java:423)
	at org.openqa.selenium.remote.http.W3CHttpResponseCodec.createException(W3CHttpResponseCodec.java:187)
	at org.openqa.selenium.remote.http.W3CHttpResponseCodec.decode(W3CHttpResponseCodec.java:122)
	at org.openqa.selenium.remote.http.W3CHttpResponseCodec.decode(W3CHttpResponseCodec.java:49)
	at org.openqa.selenium.remote.HttpCommandExecutor.execute(HttpCommandExecutor.java:158)
	at org.openqa.selenium.remote.service.DriverCommandExecutor.execute(DriverCommandExecutor.java:83)
	at org.openqa.selenium.remote.RemoteWebDriver.execute(RemoteWebDriver.java:552)
	at org.openqa.selenium.remote.RemoteWebDriver.findElement(RemoteWebDriver.java:323)
	at org.openqa.selenium.remote.RemoteWebDriver.findElementByXPath(RemoteWebDriver.java:428)
	at org.openqa.selenium.By$ByXPath.findElement(By.java:353)
	at org.openqa.selenium.remote.RemoteWebDriver.findElement(RemoteWebDriver.java:315)
	at com.tribu.seleniumframework.pages.SimplificaHomePage.profileMenuButtonVisible(SimplificaHomePage.java:31)
	at com.tribu.seleniumframework.tests.PositiveLoginTests.logInTest(PositiveLoginTests.java:60)
	at sun.reflect.NativeMethodAccessorImpl.invoke0(Native Method)
	at sun.reflect.NativeMethodAccessorImpl.invoke(NativeMethodAccessorImpl.java:62)
	at sun.reflect.DelegatingMethodAccessorImpl.invoke(DelegatingMethodAccessorImpl.java:43)
	at java.lang.reflect.Method.invoke(Method.java:498)
	at org.testng.internal.MethodInvocationHelper.invokeMethod(MethodInvocationHelper.java:133)
	at org.testng.internal.TestInvoker.invokeMethod(TestInvoker.java:598)
	at org.testng.internal.TestInvoker.invokeTestMethod(TestInvoker.java:173)
	at org.testng.internal.TestMethodWithDataProviderMethodWorker.call(TestMethodWithDataProviderMethodWorker.java:77)
	at org.testng.internal.TestMethodWithDataProviderMethodWorker.call(TestMethodWithDataProviderMethodWorker.java:15)
	at java.util.concurrent.FutureTask.run(FutureTask.java:266)
	at java.util.concurrent.Executors$RunnableAdapter.call(Executors.java:511)
	at java.util.concurrent.FutureTask.run(FutureTask.java:266)
	at java.util.concurrent.ThreadPoolExecutor.runWorker(ThreadPoolExecutor.java:1149)
	at java.util.concurrent.ThreadPoolExecutor$Worker.run(ThreadPoolExecutor.java:624)
	at java.lang.Thread.run(Thread.java:748)

</div> <!-- stack-trace -->
                </div> <!-- method-content -->
              </div> <!-- method -->
            </div> <!-- main-panel-content rounded-window-bottom -->
          </div> <!-- suite-PositiveLoginTestSuite-class-failed -->
          <div class="suite-PositiveLoginTestSuite-class-passed">
            <div class="main-panel-header rounded-window-top">
              <img src="passed.png"/>
              <span class="class-name">com.tribu.seleniumframework.tests.PositiveLoginTests</span>
            </div> <!-- main-panel-header rounded-window-top -->
            <div class="main-panel-content rounded-window-bottom">
              <div class="method">
                <div class="method-content">
                  <a name="logInTest({no=2, description=Qauser2, password=Testing123#$, sharpID=100000002, expectedMessage=Simplifica Hub...)">
                  </a> <!-- logInTest({no=2, description=Qauser2, password=Testing123#$, sharpID=100000002, expectedMessage=Simplifica Hub...) -->
                  <span class="method-name">logInTest</span>
                  <span class="parameters">({no=2, description=Qauser2, password=Testing123#$, sharpID=100000002, expectedMessage=Simplifica Hub})</span>
                </div> <!-- method-content -->
              </div> <!-- method -->
              <div class="method">
                <div class="method-content">
                  <a name="logInTest({no=1, description=Qauser1, password=Testing123#$, sharpID=100000001, expectedMessage=Simplifica Hub...)">
                  </a> <!-- logInTest({no=1, description=Qauser1, password=Testing123#$, sharpID=100000001, expectedMessage=Simplifica Hub...) -->
                  <span class="method-name">logInTest</span>
                  <span class="parameters">({no=1, description=Qauser1, password=Testing123#$, sharpID=100000001, expectedMessage=Simplifica Hub})</span>
                </div> <!-- method-content -->
              </div> <!-- method -->
            </div> <!-- main-panel-content rounded-window-bottom -->
          </div> <!-- suite-PositiveLoginTestSuite-class-passed -->
        </div> <!-- panel PositiveLoginTestSuite -->
        <div panel-name="test-xml-PositiveLoginTestSuite" class="panel">
          <div class="main-panel-header rounded-window-top">
            <span class="header-content">/home/marlon/eclipse-workspace/testing-sso/PositiveTests.xml</span>
          </div> <!-- main-panel-header rounded-window-top -->
          <div class="main-panel-content rounded-window-bottom">
            <pre>
&lt;?xml version=&quot;1.0&quot; encoding=&quot;UTF-8&quot;?&gt;
&lt;!DOCTYPE suite SYSTEM &quot;https://testng.org/testng-1.0.dtd&quot;&gt;
&lt;suite guice-stage=&quot;DEVELOPMENT&quot; verbose=&quot;10&quot; name=&quot;PositiveLoginTestSuite&quot;&gt;
  &lt;test thread-count=&quot;5&quot; verbose=&quot;10&quot; name=&quot;PositiveLoginTest-CH&quot;&gt;
    &lt;parameter name=&quot;browser&quot; value=&quot;firefox&quot;/&gt;
    &lt;classes&gt;
      &lt;class name=&quot;com.tribu.seleniumframework.tests.PositiveLoginTests&quot;/&gt;
    &lt;/classes&gt;
  &lt;/test&gt; &lt;!-- PositiveLoginTest-CH --&gt;
&lt;/suite&gt; &lt;!-- PositiveLoginTestSuite --&gt;
            </pre>
          </div> <!-- main-panel-content rounded-window-bottom -->
        </div> <!-- panel -->
        <div panel-name="testlist-PositiveLoginTestSuite" class="panel">
          <div class="main-panel-header rounded-window-top">
            <span class="header-content">Tests for PositiveLoginTestSuite</span>
          </div> <!-- main-panel-header rounded-window-top -->
          <div class="main-panel-content rounded-window-bottom">
            <ul>
              <li>
                <span class="test-name">PositiveLoginTest-CH (1 class)</span>
              </li>
            </ul>
          </div> <!-- main-panel-content rounded-window-bottom -->
        </div> <!-- panel -->
        <div panel-name="group-PositiveLoginTestSuite" class="panel">
          <div class="main-panel-header rounded-window-top">
            <span class="header-content">Groups for PositiveLoginTestSuite</span>
          </div> <!-- main-panel-header rounded-window-top -->
          <div class="main-panel-content rounded-window-bottom">
          </div> <!-- main-panel-content rounded-window-bottom -->
        </div> <!-- panel -->
        <div panel-name="times-PositiveLoginTestSuite" class="panel">
          <div class="main-panel-header rounded-window-top">
            <span class="header-content">Times for PositiveLoginTestSuite</span>
          </div> <!-- main-panel-header rounded-window-top -->
          <div class="main-panel-content rounded-window-bottom">
            <div class="times-div">
              <script type="text/javascript">
suiteTableInitFunctions.push('tableData_PositiveLoginTestSuite');
function tableData_PositiveLoginTestSuite() {
var data = new google.visualization.DataTable();
data.addColumn('number', 'Number');
data.addColumn('string', 'Method');
data.addColumn('string', 'Class');
data.addColumn('number', 'Time (ms)');
data.addRows(5);
data.setCell(0, 0, 0)
data.setCell(0, 1, 'logInTest')
data.setCell(0, 2, 'com.tribu.seleniumframework.tests.PositiveLoginTests')
data.setCell(0, 3, 218447);
data.setCell(1, 0, 1)
data.setCell(1, 1, 'logInTest')
data.setCell(1, 2, 'com.tribu.seleniumframework.tests.PositiveLoginTests')
data.setCell(1, 3, 218151);
data.setCell(2, 0, 2)
data.setCell(2, 1, 'logInTest')
data.setCell(2, 2, 'com.tribu.seleniumframework.tests.PositiveLoginTests')
data.setCell(2, 3, 215652);
data.setCell(3, 0, 3)
data.setCell(3, 1, 'logInTest')
data.setCell(3, 2, 'com.tribu.seleniumframework.tests.PositiveLoginTests')
data.setCell(3, 3, 215269);
data.setCell(4, 0, 4)
data.setCell(4, 1, 'logInTest')
data.setCell(4, 2, 'com.tribu.seleniumframework.tests.PositiveLoginTests')
data.setCell(4, 3, 215269);
window.suiteTableData['PositiveLoginTestSuite']= { tableData: data, tableDiv: 'times-div-PositiveLoginTestSuite'}
return data;
}
              </script>
              <span class="suite-total-time">Total running time: 18 minutes</span>
              <div id="times-div-PositiveLoginTestSuite">
              </div> <!-- times-div-PositiveLoginTestSuite -->
            </div> <!-- times-div -->
          </div> <!-- main-panel-content rounded-window-bottom -->
        </div> <!-- panel -->
        <div panel-name="reporter-PositiveLoginTestSuite" class="panel">
          <div class="main-panel-header rounded-window-top">
            <span class="header-content">Reporter output for PositiveLoginTestSuite</span>
          </div> <!-- main-panel-header rounded-window-top -->
          <div class="main-panel-content rounded-window-bottom">
          </div> <!-- main-panel-content rounded-window-bottom -->
        </div> <!-- panel -->
        <div panel-name="ignored-methods-PositiveLoginTestSuite" class="panel">
          <div class="main-panel-header rounded-window-top">
            <span class="header-content">0 ignored methods</span>
          </div> <!-- main-panel-header rounded-window-top -->
          <div class="main-panel-content rounded-window-bottom">
          </div> <!-- main-panel-content rounded-window-bottom -->
        </div> <!-- panel -->
        <div panel-name="chronological-PositiveLoginTestSuite" class="panel">
          <div class="main-panel-header rounded-window-top">
            <span class="header-content">Methods in chronological order</span>
          </div> <!-- main-panel-header rounded-window-top -->
          <div class="main-panel-content rounded-window-bottom">
            <div class="chronological-class">
              <div class="chronological-class-name">com.tribu.seleniumframework.tests.PositiveLoginTests</div> <!-- chronological-class-name -->
              <div class="configuration-test before">
                <span class="method-name">createBrowserFactory(org.testng.TestRunner@7b36aa0c)</span>
                <span class="method-start">0 ms</span>
              </div> <!-- configuration-test before -->
              <div class="configuration-method before">
                <span class="method-name">setUp(public void com.tribu.seleniumframework.tests.PositiveLoginTests.logInTest(java.util.Map), firefox)</span>
                <span class="method-start">578 ms</span>
              </div> <!-- configuration-method before -->
              <div class="configuration-method before">
                <span class="method-name">setUp(public void com.tribu.seleniumframework.tests.PositiveLoginTests.logInTest(java.util.Map), firefox)</span>
                <span class="method-start">578 ms</span>
              </div> <!-- configuration-method before -->
              <div class="configuration-method before">
                <span class="method-name">setUp(public void com.tribu.seleniumframework.tests.PositiveLoginTests.logInTest(java.util.Map), firefox)</span>
                <span class="method-start">578 ms</span>
              </div> <!-- configuration-method before -->
              <div class="configuration-method before">
                <span class="method-name">setUp(public void com.tribu.seleniumframework.tests.PositiveLoginTests.logInTest(java.util.Map), firefox)</span>
                <span class="method-start">578 ms</span>
              </div> <!-- configuration-method before -->
              <div class="configuration-method before">
                <span class="method-name">setUp(public void com.tribu.seleniumframework.tests.PositiveLoginTests.logInTest(java.util.Map), firefox)</span>
                <span class="method-start">579 ms</span>
              </div> <!-- configuration-method before -->
              <div class="test-method">
                <span class="method-name">logInTest({no=1, description=Qauser1, password=Testing123#$, sharpID=100000001, expectedMessage=Simplifica Hub...)</span>
                <span class="method-start">11758 ms</span>
              </div> <!-- test-method -->
              <div class="test-method">
                <span class="method-name">logInTest({no=2, description=Qauser2, password=Testing123#$, sharpID=100000002, expectedMessage=Simplifica Hub...)</span>
                <span class="method-start">11903 ms</span>
              </div> <!-- test-method -->
              <div class="test-method">
                <img src="failed.png">
                </img>
                <span class="method-name">logInTest({no=3, description=Qauser3, password=Testing125#$, sharpID=100000003, expectedMessage=Simplifica Hub...)</span>
                <span class="method-start">12166 ms</span>
              </div> <!-- test-method -->
              <div class="test-method">
                <img src="failed.png">
                </img>
                <span class="method-name">logInTest({no=5, description=Qauser5, password=Testing125#$, sharpID=100000005, expectedMessage=Simplifica Hub...)</span>
                <span class="method-start">12541 ms</span>
              </div> <!-- test-method -->
              <div class="test-method">
                <img src="failed.png">
                </img>
                <span class="method-name">logInTest({no=4, description=Qauser4, password=Testing123#$, sharpID=100000004, expectedMessage=Simplifica Hub...)</span>
                <span class="method-start">12541 ms</span>
              </div> <!-- test-method -->
              <div class="configuration-method after">
                <span class="method-name">tearDown</span>
                <span class="method-start">227832 ms</span>
              </div> <!-- configuration-method after -->
              <div class="configuration-method after">
                <span class="method-name">tearDown</span>
                <span class="method-start">227837 ms</span>
              </div> <!-- configuration-method after -->
              <div class="configuration-method after">
                <span class="method-name">tearDown</span>
                <span class="method-start">227876 ms</span>
              </div> <!-- configuration-method after -->
              <div class="configuration-method after">
                <span class="method-name">tearDown</span>
                <span class="method-start">230056 ms</span>
              </div> <!-- configuration-method after -->
              <div class="configuration-method after">
                <span class="method-name">tearDown</span>
                <span class="method-start">230206 ms</span>
              </div> <!-- configuration-method after -->
          </div> <!-- main-panel-content rounded-window-bottom -->
        </div> <!-- panel -->
      </div> <!-- main-panel-root -->
    </div> <!-- wrapper -->
  </body>
<script type="text/javascript" src="testng-reports2.js"></script>
</html>
