-------------------------------------------------------------------------------
Test set: TestSuite
-------------------------------------------------------------------------------
Tests run: 3, Failures: 2, Errors: 0, Skipped: 1, Time elapsed: 51.183 s <<< FAILURE! - in TestSuite
com.tribu.qaselenium.tests.apiba.APILoadContentTests.bannerCheck[public void com.tribu.qaselenium.tests.apiba.APILoadContentTests.bannerCheck(java.lang.reflect.Method,java.util.Map), {date=, country=PERÚ, refAtributeTitleDescription=, sharpId2=100000001, multimediaContent=, focoRelations=, sharpId1=100000001, refAtributeIcon=, addVideo=, section=Home, hubCategoryItem=, miniImage=, articleType=, articleTypeItem=, focoRelationsItem=, expectedMessage1=se ha creado., expectedMessage2=Eliminado 1 elemento de contenido., focoName=, contentType=banner, brand=, direccion=, contentTitle=, published=Test-published, autor=, phone=, subtitle=, frame=, refAtributeValue=, socialIcon=, guardar=Test-guardar, link=/wellness, description=Test-description, title=test-load-banner, refAtributeTitle=, focoUrlAlias=, focoRelationsWeight=, password2=Testing123#$, password1=Testing123#$, socialUrl=, urlLink=, highLImage=, column=, testDescription=, todo=TRUE, mainImage=Test-banner-mainImage.jpg, columnItem=, wellnessPillar=, information=, refAtributeDescription=, socialUrlText=}](1)  Time elapsed: 24.015 s  <<< FAILURE!
org.openqa.selenium.TimeoutException: Expected condition failed: waiting for com.tribu.qaselenium.testframework.pagebase.BasePO$$Lambda$464/0x000000084030a040@53b8afea (tried for 15 second(s) with 500 milliseconds interval)
	at com.tribu.qaselenium.tests.apiba.APILoadContentTests.bannerCheck(APILoadContentTests.java:230)
Caused by: org.openqa.selenium.NoSuchElementException: 
no such element: Unable to locate element: {"method":"xpath","selector":"/html//header[@id='header']//a[@href='/landing']/img[contains(@src,'/logo_h.png')]"}
  (Session info: chrome=95.0.4638.69)
For documentation on this error, please visit: https://www.seleniumhq.org/exceptions/no_such_element.html
Build info: version: '3.141.59', revision: 'e82be7d358', time: '2018-11-14T08:17:03'
System info: host: 'station', ip: '127.0.1.1', os.name: 'Linux', os.arch: 'amd64', os.version: '4.19.0-18-amd64', java.version: '11.0.12'
Driver info: org.openqa.selenium.chrome.ChromeDriver
Capabilities {acceptInsecureCerts: false, browserName: chrome, browserVersion: 95.0.4638.69, chrome: {chromedriverVersion: 95.0.4638.54 (d31a821ec901f..., userDataDir: /tmp/.com.google.Chrome.VIr06n}, goog:chromeOptions: {debuggerAddress: localhost:35903}, javascriptEnabled: true, networkConnectionEnabled: false, pageLoadStrategy: normal, platform: LINUX, platformName: LINUX, proxy: Proxy(), setWindowRect: true, strictFileInteractability: false, timeouts: {implicit: 0, pageLoad: 300000, script: 30000}, unhandledPromptBehavior: dismiss and notify, webauthn:extension:credBlob: true, webauthn:extension:largeBlob: true, webauthn:virtualAuthenticators: true}
Session ID: 69c2ce09f0b962503f46198f050610b7
*** Element info: {Using=xpath, value=/html//header[@id='header']//a[@href='/landing']/img[contains(@src,'/logo_h.png')]}
	at com.tribu.qaselenium.tests.apiba.APILoadContentTests.bannerCheck(APILoadContentTests.java:230)

com.tribu.qaselenium.tests.apiba.APILoadContentTests.bannerCheck[public void com.tribu.qaselenium.tests.apiba.APILoadContentTests.bannerCheck(java.lang.reflect.Method,java.util.Map), {date=, country=PERÚ, refAtributeTitleDescription=, sharpId2=100000001, multimediaContent=, focoRelations=, sharpId1=100000001, refAtributeIcon=, addVideo=, section=Home, hubCategoryItem=, miniImage=, articleType=, articleTypeItem=, focoRelationsItem=, expectedMessage1=se ha creado., expectedMessage2=Eliminado 1 elemento de contenido., focoName=, contentType=banner, brand=, direccion=, contentTitle=, published=Test-published, autor=, phone=, subtitle=, frame=, refAtributeValue=, socialIcon=, guardar=Test-guardar, link=/wellness, description=Test-description, title=test-load-banner, refAtributeTitle=, focoUrlAlias=, focoRelationsWeight=, password2=Testing123#$, password1=Testing123#$, socialUrl=, urlLink=, highLImage=, column=, testDescription=, todo=TRUE, mainImage=Test-banner-mainImage.jpg, columnItem=, wellnessPillar=, information=, refAtributeDescription=, socialUrlText=}](2)  Time elapsed: 23.851 s  <<< FAILURE!
org.openqa.selenium.TimeoutException: Expected condition failed: waiting for com.tribu.qaselenium.testframework.pagebase.BasePO$$Lambda$464/0x000000084030a040@7f5538a1 (tried for 15 second(s) with 500 milliseconds interval)
	at com.tribu.qaselenium.tests.apiba.APILoadContentTests.bannerCheck(APILoadContentTests.java:230)
Caused by: org.openqa.selenium.NoSuchElementException: 
no such element: Unable to locate element: {"method":"xpath","selector":"/html//header[@id='header']//a[@href='/landing']/img[contains(@src,'/logo_h.png')]"}
  (Session info: chrome=95.0.4638.69)
For documentation on this error, please visit: https://www.seleniumhq.org/exceptions/no_such_element.html
Build info: version: '3.141.59', revision: 'e82be7d358', time: '2018-11-14T08:17:03'
System info: host: 'station', ip: '127.0.1.1', os.name: 'Linux', os.arch: 'amd64', os.version: '4.19.0-18-amd64', java.version: '11.0.12'
Driver info: org.openqa.selenium.chrome.ChromeDriver
Capabilities {acceptInsecureCerts: false, browserName: chrome, browserVersion: 95.0.4638.69, chrome: {chromedriverVersion: 95.0.4638.54 (d31a821ec901f..., userDataDir: /tmp/.com.google.Chrome.Pf7I8n}, goog:chromeOptions: {debuggerAddress: localhost:43123}, javascriptEnabled: true, networkConnectionEnabled: false, pageLoadStrategy: normal, platform: LINUX, platformName: LINUX, proxy: Proxy(), setWindowRect: true, strictFileInteractability: false, timeouts: {implicit: 0, pageLoad: 300000, script: 30000}, unhandledPromptBehavior: dismiss and notify, webauthn:extension:credBlob: true, webauthn:extension:largeBlob: true, webauthn:virtualAuthenticators: true}
Session ID: e093f7a349f47816ed68a1aea86973c8
*** Element info: {Using=xpath, value=/html//header[@id='header']//a[@href='/landing']/img[contains(@src,'/logo_h.png')]}
	at com.tribu.qaselenium.tests.apiba.APILoadContentTests.bannerCheck(APILoadContentTests.java:230)

