<?xml version="1.0" encoding="UTF-8"?>
<testsuite xmlns:xsi="http://www.w3.org/2001/XMLSchema-instance" xsi:noNamespaceSchemaLocation="https://maven.apache.org/surefire/maven-surefire-plugin/xsd/surefire-test-report-3.0.xsd" version="3.0" name="TestSuite" time="51.183" tests="3" errors="0" skipped="1" failures="2">
  <properties>
    <property name="sun.desktop" value="gnome"/>
    <property name="awt.toolkit" value="sun.awt.X11.XToolkit"/>
    <property name="java.specification.version" value="11"/>
    <property name="webdriver.chrome.driver" value="/home/marlon/.cache/selenium/chromedriver/linux64/95.0.4638.54/chromedriver"/>
    <property name="sun.cpu.isalist" value=""/>
    <property name="sun.jnu.encoding" value="UTF-8"/>
    <property name="java.class.path" value="/home/marlon/eclipse-workspace/testing-beer-ambassador/target/test-classes:/home/marlon/eclipse-workspace/testing-beer-ambassador/target/classes:/home/marlon/.m2/repository/org/testng/testng/7.4.0/testng-7.4.0.jar:/home/marlon/.m2/repository/com/beust/jcommander/1.78/jcommander-1.78.jar:/home/marlon/.m2/repository/org/webjars/jquery/3.5.1/jquery-3.5.1.jar:/home/marlon/.m2/repository/org/seleniumhq/selenium/selenium-java/3.141.59/selenium-java-3.141.59.jar:/home/marlon/.m2/repository/org/seleniumhq/selenium/selenium-api/3.141.59/selenium-api-3.141.59.jar:/home/marlon/.m2/repository/org/seleniumhq/selenium/selenium-chrome-driver/3.141.59/selenium-chrome-driver-3.141.59.jar:/home/marlon/.m2/repository/org/seleniumhq/selenium/selenium-edge-driver/3.141.59/selenium-edge-driver-3.141.59.jar:/home/marlon/.m2/repository/org/seleniumhq/selenium/selenium-firefox-driver/3.141.59/selenium-firefox-driver-3.141.59.jar:/home/marlon/.m2/repository/org/seleniumhq/selenium/selenium-ie-driver/3.141.59/selenium-ie-driver-3.141.59.jar:/home/marlon/.m2/repository/org/seleniumhq/selenium/selenium-opera-driver/3.141.59/selenium-opera-driver-3.141.59.jar:/home/marlon/.m2/repository/org/seleniumhq/selenium/selenium-remote-driver/3.141.59/selenium-remote-driver-3.141.59.jar:/home/marlon/.m2/repository/org/seleniumhq/selenium/selenium-safari-driver/3.141.59/selenium-safari-driver-3.141.59.jar:/home/marlon/.m2/repository/org/seleniumhq/selenium/selenium-support/3.141.59/selenium-support-3.141.59.jar:/home/marlon/.m2/repository/net/bytebuddy/byte-buddy/1.8.15/byte-buddy-1.8.15.jar:/home/marlon/.m2/repository/org/apache/commons/commons-exec/1.3/commons-exec-1.3.jar:/home/marlon/.m2/repository/com/google/guava/guava/25.0-jre/guava-25.0-jre.jar:/home/marlon/.m2/repository/com/google/code/findbugs/jsr305/1.3.9/jsr305-1.3.9.jar:/home/marlon/.m2/repository/org/checkerframework/checker-compat-qual/2.0.0/checker-compat-qual-2.0.0.jar:/home/marlon/.m2/repository/com/google/errorprone/error_prone_annotations/2.1.3/error_prone_annotations-2.1.3.jar:/home/marlon/.m2/repository/com/google/j2objc/j2objc-annotations/1.1/j2objc-annotations-1.1.jar:/home/marlon/.m2/repository/org/codehaus/mojo/animal-sniffer-annotations/1.14/animal-sniffer-annotations-1.14.jar:/home/marlon/.m2/repository/com/squareup/okhttp3/okhttp/3.11.0/okhttp-3.11.0.jar:/home/marlon/.m2/repository/com/squareup/okio/okio/1.14.0/okio-1.14.0.jar:/home/marlon/.m2/repository/org/apache/logging/log4j/log4j-api/2.14.1/log4j-api-2.14.1.jar:/home/marlon/.m2/repository/org/apache/logging/log4j/log4j-core/2.14.1/log4j-core-2.14.1.jar:/home/marlon/.m2/repository/com/opencsv/opencsv/5.4/opencsv-5.4.jar:/home/marlon/.m2/repository/org/apache/commons/commons-lang3/3.11/commons-lang3-3.11.jar:/home/marlon/.m2/repository/org/apache/commons/commons-text/1.9/commons-text-1.9.jar:/home/marlon/.m2/repository/commons-beanutils/commons-beanutils/1.9.4/commons-beanutils-1.9.4.jar:/home/marlon/.m2/repository/commons-logging/commons-logging/1.2/commons-logging-1.2.jar:/home/marlon/.m2/repository/commons-collections/commons-collections/3.2.2/commons-collections-3.2.2.jar:/home/marlon/.m2/repository/org/apache/commons/commons-collections4/4.4/commons-collections4-4.4.jar:/home/marlon/.m2/repository/commons-io/commons-io/2.11.0/commons-io-2.11.0.jar:/home/marlon/.m2/repository/io/github/bonigarcia/webdrivermanager/5.0.3/webdrivermanager-5.0.3.jar:/home/marlon/.m2/repository/org/slf4j/slf4j-api/1.7.32/slf4j-api-1.7.32.jar:/home/marlon/.m2/repository/com/google/code/gson/gson/2.8.8/gson-2.8.8.jar:/home/marlon/.m2/repository/org/jsoup/jsoup/1.14.2/jsoup-1.14.2.jar:/home/marlon/.m2/repository/com/github/docker-java/docker-java/3.2.12/docker-java-3.2.12.jar:/home/marlon/.m2/repository/com/github/docker-java/docker-java-core/3.2.12/docker-java-core-3.2.12.jar:/home/marlon/.m2/repository/com/github/docker-java/docker-java-api/3.2.12/docker-java-api-3.2.12.jar:/home/marlon/.m2/repository/com/fasterxml/jackson/core/jackson-annotations/2.10.3/jackson-annotations-2.10.3.jar:/home/marlon/.m2/repository/org/apache/commons/commons-compress/1.21/commons-compress-1.21.jar:/home/marlon/.m2/repository/commons-lang/commons-lang/2.6/commons-lang-2.6.jar:/home/marlon/.m2/repository/com/fasterxml/jackson/core/jackson-databind/2.10.3/jackson-databind-2.10.3.jar:/home/marlon/.m2/repository/com/fasterxml/jackson/core/jackson-core/2.10.3/jackson-core-2.10.3.jar:/home/marlon/.m2/repository/org/bouncycastle/bcpkix-jdk15on/1.64/bcpkix-jdk15on-1.64.jar:/home/marlon/.m2/repository/org/bouncycastle/bcprov-jdk15on/1.64/bcprov-jdk15on-1.64.jar:/home/marlon/.m2/repository/org/slf4j/jcl-over-slf4j/1.7.30/jcl-over-slf4j-1.7.30.jar:/home/marlon/.m2/repository/com/github/docker-java/docker-java-transport-httpclient5/3.2.12/docker-java-transport-httpclient5-3.2.12.jar:/home/marlon/.m2/repository/com/github/docker-java/docker-java-transport/3.2.12/docker-java-transport-3.2.12.jar:/home/marlon/.m2/repository/org/apache/httpcomponents/client5/httpclient5/5.0.3/httpclient5-5.0.3.jar:/home/marlon/.m2/repository/org/apache/httpcomponents/core5/httpcore5/5.0.2/httpcore5-5.0.2.jar:/home/marlon/.m2/repository/commons-codec/commons-codec/1.13/commons-codec-1.13.jar:/home/marlon/.m2/repository/net/java/dev/jna/jna/5.8.0/jna-5.8.0.jar:/home/marlon/.m2/repository/org/brotli/dec/0.1.2/dec-0.1.2.jar:"/>
    <property name="java.vm.vendor" value="Debian"/>
    <property name="sun.arch.data.model" value="64"/>
    <property name="java.vendor.url" value="https://tracker.debian.org/openjdk-11"/>
    <property name="user.timezone" value="America/Bogota"/>
    <property name="java.vm.specification.version" value="11"/>
    <property name="os.name" value="Linux"/>
    <property name="sun.java.launcher" value="SUN_STANDARD"/>
    <property name="user.country" value="US"/>
    <property name="sun.boot.library.path" value="/usr/lib/jvm/java-11-openjdk-amd64/lib"/>
    <property name="sun.java.command" value="/home/marlon/eclipse-workspace/testing-beer-ambassador/target/surefire/surefirebooter13922775098525114152.jar /home/marlon/eclipse-workspace/testing-beer-ambassador/target/surefire 2021-11-04T22-21-44_553-jvmRun1 surefire10500886910711296330tmp surefire_06520428156107636696tmp"/>
    <property name="jdk.debug" value="release"/>
    <property name="surefire.test.class.path" value="/home/marlon/eclipse-workspace/testing-beer-ambassador/target/test-classes:/home/marlon/eclipse-workspace/testing-beer-ambassador/target/classes:/home/marlon/.m2/repository/org/testng/testng/7.4.0/testng-7.4.0.jar:/home/marlon/.m2/repository/com/beust/jcommander/1.78/jcommander-1.78.jar:/home/marlon/.m2/repository/org/webjars/jquery/3.5.1/jquery-3.5.1.jar:/home/marlon/.m2/repository/org/seleniumhq/selenium/selenium-java/3.141.59/selenium-java-3.141.59.jar:/home/marlon/.m2/repository/org/seleniumhq/selenium/selenium-api/3.141.59/selenium-api-3.141.59.jar:/home/marlon/.m2/repository/org/seleniumhq/selenium/selenium-chrome-driver/3.141.59/selenium-chrome-driver-3.141.59.jar:/home/marlon/.m2/repository/org/seleniumhq/selenium/selenium-edge-driver/3.141.59/selenium-edge-driver-3.141.59.jar:/home/marlon/.m2/repository/org/seleniumhq/selenium/selenium-firefox-driver/3.141.59/selenium-firefox-driver-3.141.59.jar:/home/marlon/.m2/repository/org/seleniumhq/selenium/selenium-ie-driver/3.141.59/selenium-ie-driver-3.141.59.jar:/home/marlon/.m2/repository/org/seleniumhq/selenium/selenium-opera-driver/3.141.59/selenium-opera-driver-3.141.59.jar:/home/marlon/.m2/repository/org/seleniumhq/selenium/selenium-remote-driver/3.141.59/selenium-remote-driver-3.141.59.jar:/home/marlon/.m2/repository/org/seleniumhq/selenium/selenium-safari-driver/3.141.59/selenium-safari-driver-3.141.59.jar:/home/marlon/.m2/repository/org/seleniumhq/selenium/selenium-support/3.141.59/selenium-support-3.141.59.jar:/home/marlon/.m2/repository/net/bytebuddy/byte-buddy/1.8.15/byte-buddy-1.8.15.jar:/home/marlon/.m2/repository/org/apache/commons/commons-exec/1.3/commons-exec-1.3.jar:/home/marlon/.m2/repository/com/google/guava/guava/25.0-jre/guava-25.0-jre.jar:/home/marlon/.m2/repository/com/google/code/findbugs/jsr305/1.3.9/jsr305-1.3.9.jar:/home/marlon/.m2/repository/org/checkerframework/checker-compat-qual/2.0.0/checker-compat-qual-2.0.0.jar:/home/marlon/.m2/repository/com/google/errorprone/error_prone_annotations/2.1.3/error_prone_annotations-2.1.3.jar:/home/marlon/.m2/repository/com/google/j2objc/j2objc-annotations/1.1/j2objc-annotations-1.1.jar:/home/marlon/.m2/repository/org/codehaus/mojo/animal-sniffer-annotations/1.14/animal-sniffer-annotations-1.14.jar:/home/marlon/.m2/repository/com/squareup/okhttp3/okhttp/3.11.0/okhttp-3.11.0.jar:/home/marlon/.m2/repository/com/squareup/okio/okio/1.14.0/okio-1.14.0.jar:/home/marlon/.m2/repository/org/apache/logging/log4j/log4j-api/2.14.1/log4j-api-2.14.1.jar:/home/marlon/.m2/repository/org/apache/logging/log4j/log4j-core/2.14.1/log4j-core-2.14.1.jar:/home/marlon/.m2/repository/com/opencsv/opencsv/5.4/opencsv-5.4.jar:/home/marlon/.m2/repository/org/apache/commons/commons-lang3/3.11/commons-lang3-3.11.jar:/home/marlon/.m2/repository/org/apache/commons/commons-text/1.9/commons-text-1.9.jar:/home/marlon/.m2/repository/commons-beanutils/commons-beanutils/1.9.4/commons-beanutils-1.9.4.jar:/home/marlon/.m2/repository/commons-logging/commons-logging/1.2/commons-logging-1.2.jar:/home/marlon/.m2/repository/commons-collections/commons-collections/3.2.2/commons-collections-3.2.2.jar:/home/marlon/.m2/repository/org/apache/commons/commons-collections4/4.4/commons-collections4-4.4.jar:/home/marlon/.m2/repository/commons-io/commons-io/2.11.0/commons-io-2.11.0.jar:/home/marlon/.m2/repository/io/github/bonigarcia/webdrivermanager/5.0.3/webdrivermanager-5.0.3.jar:/home/marlon/.m2/repository/org/slf4j/slf4j-api/1.7.32/slf4j-api-1.7.32.jar:/home/marlon/.m2/repository/com/google/code/gson/gson/2.8.8/gson-2.8.8.jar:/home/marlon/.m2/repository/org/jsoup/jsoup/1.14.2/jsoup-1.14.2.jar:/home/marlon/.m2/repository/com/github/docker-java/docker-java/3.2.12/docker-java-3.2.12.jar:/home/marlon/.m2/repository/com/github/docker-java/docker-java-core/3.2.12/docker-java-core-3.2.12.jar:/home/marlon/.m2/repository/com/github/docker-java/docker-java-api/3.2.12/docker-java-api-3.2.12.jar:/home/marlon/.m2/repository/com/fasterxml/jackson/core/jackson-annotations/2.10.3/jackson-annotations-2.10.3.jar:/home/marlon/.m2/repository/org/apache/commons/commons-compress/1.21/commons-compress-1.21.jar:/home/marlon/.m2/repository/commons-lang/commons-lang/2.6/commons-lang-2.6.jar:/home/marlon/.m2/repository/com/fasterxml/jackson/core/jackson-databind/2.10.3/jackson-databind-2.10.3.jar:/home/marlon/.m2/repository/com/fasterxml/jackson/core/jackson-core/2.10.3/jackson-core-2.10.3.jar:/home/marlon/.m2/repository/org/bouncycastle/bcpkix-jdk15on/1.64/bcpkix-jdk15on-1.64.jar:/home/marlon/.m2/repository/org/bouncycastle/bcprov-jdk15on/1.64/bcprov-jdk15on-1.64.jar:/home/marlon/.m2/repository/org/slf4j/jcl-over-slf4j/1.7.30/jcl-over-slf4j-1.7.30.jar:/home/marlon/.m2/repository/com/github/docker-java/docker-java-transport-httpclient5/3.2.12/docker-java-transport-httpclient5-3.2.12.jar:/home/marlon/.m2/repository/com/github/docker-java/docker-java-transport/3.2.12/docker-java-transport-3.2.12.jar:/home/marlon/.m2/repository/org/apache/httpcomponents/client5/httpclient5/5.0.3/httpclient5-5.0.3.jar:/home/marlon/.m2/repository/org/apache/httpcomponents/core5/httpcore5/5.0.2/httpcore5-5.0.2.jar:/home/marlon/.m2/repository/commons-codec/commons-codec/1.13/commons-codec-1.13.jar:/home/marlon/.m2/repository/net/java/dev/jna/jna/5.8.0/jna-5.8.0.jar:/home/marlon/.m2/repository/org/brotli/dec/0.1.2/dec-0.1.2.jar:"/>
    <property name="sun.cpu.endian" value="little"/>
    <property name="user.home" value="/home/marlon"/>
    <property name="user.language" value="en"/>
    <property name="java.specification.vendor" value="Oracle Corporation"/>
    <property name="java.version.date" value="2021-07-20"/>
    <property name="java.home" value="/usr/lib/jvm/java-11-openjdk-amd64"/>
    <property name="file.separator" value="/"/>
    <property name="basedir" value="/home/marlon/eclipse-workspace/testing-beer-ambassador"/>
    <property name="java.vm.compressedOopsMode" value="32-bit"/>
    <property name="line.separator" value="&#10;"/>
    <property name="java.specification.name" value="Java Platform API Specification"/>
    <property name="java.vm.specification.vendor" value="Oracle Corporation"/>
    <property name="java.awt.graphicsenv" value="sun.awt.X11GraphicsEnvironment"/>
    <property name="surefire.real.class.path" value="/home/marlon/eclipse-workspace/testing-beer-ambassador/target/surefire/surefirebooter13922775098525114152.jar"/>
    <property name="sun.management.compiler" value="HotSpot 64-Bit Tiered Compilers"/>
    <property name="java.runtime.version" value="11.0.12+7-post-Debian-2deb10u1"/>
    <property name="user.name" value="marlon"/>
    <property name="path.separator" value=":"/>
    <property name="os.version" value="4.19.0-18-amd64"/>
    <property name="java.runtime.name" value="OpenJDK Runtime Environment"/>
    <property name="file.encoding" value="UTF-8"/>
    <property name="java.vm.name" value="OpenJDK 64-Bit Server VM"/>
    <property name="localRepository" value="/home/marlon/.m2/repository"/>
    <property name="java.vendor.url.bug" value="https://bugs.debian.org/openjdk-11"/>
    <property name="java.io.tmpdir" value="/tmp"/>
    <property name="java.version" value="11.0.12"/>
    <property name="user.dir" value="/home/marlon/eclipse-workspace/testing-beer-ambassador"/>
    <property name="os.arch" value="amd64"/>
    <property name="java.vm.specification.name" value="Java Virtual Machine Specification"/>
    <property name="java.awt.printerjob" value="sun.print.PSPrinterJob"/>
    <property name="sun.os.patch.level" value="unknown"/>
    <property name="java.library.path" value="/usr/java/packages/lib:/usr/lib/x86_64-linux-gnu/jni:/lib/x86_64-linux-gnu:/usr/lib/x86_64-linux-gnu:/usr/lib/jni:/lib:/usr/lib"/>
    <property name="java.vm.info" value="mixed mode, sharing"/>
    <property name="java.vendor" value="Debian"/>
    <property name="java.vm.version" value="11.0.12+7-post-Debian-2deb10u1"/>
    <property name="sun.io.unicode.encoding" value="UnicodeLittle"/>
    <property name="java.class.version" value="55.0"/>
  </properties>
  <testcase name="bannerCheck[public void com.tribu.qaselenium.tests.apiba.APILoadContentTests.bannerCheck(java.lang.reflect.Method,java.util.Map), {date=, country=PERÚ, refAtributeTitleDescription=, sharpId2=100000001, multimediaContent=, focoRelations=, sharpId1=100000001, refAtributeIcon=, addVideo=, section=Home, hubCategoryItem=, miniImage=, articleType=, articleTypeItem=, focoRelationsItem=, expectedMessage1=se ha creado., expectedMessage2=Eliminado 1 elemento de contenido., focoName=, contentType=banner, brand=, direccion=, contentTitle=, published=Test-published, autor=, phone=, subtitle=, frame=, refAtributeValue=, socialIcon=, guardar=Test-guardar, link=/wellness, description=Test-description, title=test-load-banner, refAtributeTitle=, focoUrlAlias=, focoRelationsWeight=, password2=Testing123#$, password1=Testing123#$, socialUrl=, urlLink=, highLImage=, column=, testDescription=, todo=TRUE, mainImage=Test-banner-mainImage.jpg, columnItem=, wellnessPillar=, information=, refAtributeDescription=, socialUrlText=}](1)" classname="com.tribu.qaselenium.tests.apiba.APILoadContentTests" time="24.015">
    <failure message="Expected condition failed: waiting for com.tribu.qaselenium.testframework.pagebase.BasePO$$Lambda$464/0x000000084030a040@53b8afea (tried for 15 second(s) with 500 milliseconds interval)" type="org.openqa.selenium.TimeoutException"><![CDATA[org.openqa.selenium.TimeoutException: Expected condition failed: waiting for com.tribu.qaselenium.testframework.pagebase.BasePO$$Lambda$464/0x000000084030a040@53b8afea (tried for 15 second(s) with 500 milliseconds interval)
	at com.tribu.qaselenium.tests.apiba.APILoadContentTests.bannerCheck(APILoadContentTests.java:230)
Caused by: org.openqa.selenium.NoSuchElementException: 
no such element: Unable to locate element: {"method":"xpath","selector":"/html//header[@id='header']//a[@href='/landing']/img[contains(@src,'/logo_h.png')]"}
  (Session info: chrome=95.0.4638.69)
For documentation on this error, please visit: https://www.seleniumhq.org/exceptions/no_such_element.html
Build info: version: '3.141.59', revision: 'e82be7d358', time: '2018-11-14T08:17:03'
System info: host: 'station', ip: '127.0.1.1', os.name: 'Linux', os.arch: 'amd64', os.version: '4.19.0-18-amd64', java.version: '11.0.12'
Driver info: org.openqa.selenium.chrome.ChromeDriver
Capabilities {acceptInsecureCerts: false, browserName: chrome, browserVersion: 95.0.4638.69, chrome: {chromedriverVersion: 95.0.4638.54 (d31a821ec901f..., userDataDir: /tmp/.com.google.Chrome.VIr06n}, goog:chromeOptions: {debuggerAddress: localhost:35903}, javascriptEnabled: true, networkConnectionEnabled: false, pageLoadStrategy: normal, platform: LINUX, platformName: LINUX, proxy: Proxy(), setWindowRect: true, strictFileInteractability: false, timeouts: {implicit: 0, pageLoad: 300000, script: 30000}, unhandledPromptBehavior: dismiss and notify, webauthn:extension:credBlob: true, webauthn:extension:largeBlob: true, webauthn:virtualAuthenticators: true}
Session ID: 69c2ce09f0b962503f46198f050610b7
*** Element info: {Using=xpath, value=/html//header[@id='header']//a[@href='/landing']/img[contains(@src,'/logo_h.png')]}
	at com.tribu.qaselenium.tests.apiba.APILoadContentTests.bannerCheck(APILoadContentTests.java:230)
]]></failure>
    <system-out><![CDATA[...
... TestNG 7.4.0 by Cédric Beust (cedric@beust.com)
...

[main] [csvReaderMethod] 22:21:46,301 INFO  [logger csvReaderMethod] Se ejecuta csvReaderMethod()
*****driverFactory-counter***** = 1
*****loggerFactory-counter***** = 1
[main] [setUp] 22:21:47,750 INFO  [PositiveLoginTest] run setUp Method
[main] [bannerCheck] 22:21:47,759 INFO  [PositiveLoginTest] carga variables
[main] [waitForPageToLoad] 22:21:49,993 INFO  [PositiveLoginTest] Espero el cargue de la pagina
[main] [waitForPageToLoad] 22:21:52,236 INFO  [PositiveLoginTest] Espero el cargue de la pagina
[main] [waitForPageToLoad] 22:21:52,404 INFO  [PositiveLoginTest] Espero el cargue de la pagina
[main] [waitForPageToLoad] 22:21:55,518 INFO  [PositiveLoginTest] Espero el cargue de la pagina
[main] [bannerCheck] 22:21:55,518 INFO  [PositiveLoginTest] depues de login
[main] [find] 22:21:55,563 INFO  [PositiveLoginTest] Fail: WebDriver couldn’t locate the element: By.xpath: /html//header[@id='header']//a[@href='/landing']/img[contains(@src,'/logo_h.png')]
[main] [find] 22:21:56,117 INFO  [PositiveLoginTest] Fail: WebDriver couldn’t locate the element: By.xpath: /html//header[@id='header']//a[@href='/landing']/img[contains(@src,'/logo_h.png')]
[main] [find] 22:21:56,655 INFO  [PositiveLoginTest] Fail: WebDriver couldn’t locate the element: By.xpath: /html//header[@id='header']//a[@href='/landing']/img[contains(@src,'/logo_h.png')]
[main] [find] 22:21:57,177 INFO  [PositiveLoginTest] Fail: WebDriver couldn’t locate the element: By.xpath: /html//header[@id='header']//a[@href='/landing']/img[contains(@src,'/logo_h.png')]
[main] [find] 22:21:57,699 INFO  [PositiveLoginTest] Fail: WebDriver couldn’t locate the element: By.xpath: /html//header[@id='header']//a[@href='/landing']/img[contains(@src,'/logo_h.png')]
[main] [find] 22:21:58,235 INFO  [PositiveLoginTest] Fail: WebDriver couldn’t locate the element: By.xpath: /html//header[@id='header']//a[@href='/landing']/img[contains(@src,'/logo_h.png')]
[main] [find] 22:21:58,777 INFO  [PositiveLoginTest] Fail: WebDriver couldn’t locate the element: By.xpath: /html//header[@id='header']//a[@href='/landing']/img[contains(@src,'/logo_h.png')]
[main] [find] 22:21:59,311 INFO  [PositiveLoginTest] Fail: WebDriver couldn’t locate the element: By.xpath: /html//header[@id='header']//a[@href='/landing']/img[contains(@src,'/logo_h.png')]
[main] [find] 22:21:59,835 INFO  [PositiveLoginTest] Fail: WebDriver couldn’t locate the element: By.xpath: /html//header[@id='header']//a[@href='/landing']/img[contains(@src,'/logo_h.png')]
[main] [find] 22:22:02,023 INFO  [PositiveLoginTest] Fail: WebDriver couldn’t locate the element: By.xpath: /html//header[@id='header']//a[@href='/landing']/img[contains(@src,'/logo_h.png')]
[main] [find] 22:22:02,542 INFO  [PositiveLoginTest] Fail: WebDriver couldn’t locate the element: By.xpath: /html//header[@id='header']//a[@href='/landing']/img[contains(@src,'/logo_h.png')]
[main] [find] 22:22:03,069 INFO  [PositiveLoginTest] Fail: WebDriver couldn’t locate the element: By.xpath: /html//header[@id='header']//a[@href='/landing']/img[contains(@src,'/logo_h.png')]
[main] [find] 22:22:03,593 INFO  [PositiveLoginTest] Fail: WebDriver couldn’t locate the element: By.xpath: /html//header[@id='header']//a[@href='/landing']/img[contains(@src,'/logo_h.png')]
[main] [find] 22:22:04,117 INFO  [PositiveLoginTest] Fail: WebDriver couldn’t locate the element: By.xpath: /html//header[@id='header']//a[@href='/landing']/img[contains(@src,'/logo_h.png')]
[main] [find] 22:22:04,643 INFO  [PositiveLoginTest] Fail: WebDriver couldn’t locate the element: By.xpath: /html//header[@id='header']//a[@href='/landing']/img[contains(@src,'/logo_h.png')]
[main] [find] 22:22:05,173 INFO  [PositiveLoginTest] Fail: WebDriver couldn’t locate the element: By.xpath: /html//header[@id='header']//a[@href='/landing']/img[contains(@src,'/logo_h.png')]
[main] [find] 22:22:05,698 INFO  [PositiveLoginTest] Fail: WebDriver couldn’t locate the element: By.xpath: /html//header[@id='header']//a[@href='/landing']/img[contains(@src,'/logo_h.png')]
[main] [find] 22:22:06,220 INFO  [PositiveLoginTest] Fail: WebDriver couldn’t locate the element: By.xpath: /html//header[@id='header']//a[@href='/landing']/img[contains(@src,'/logo_h.png')]
[main] [find] 22:22:06,749 INFO  [PositiveLoginTest] Fail: WebDriver couldn’t locate the element: By.xpath: /html//header[@id='header']//a[@href='/landing']/img[contains(@src,'/logo_h.png')]
[main] [find] 22:22:07,273 INFO  [PositiveLoginTest] Fail: WebDriver couldn’t locate the element: By.xpath: /html//header[@id='header']//a[@href='/landing']/img[contains(@src,'/logo_h.png')]
[main] [find] 22:22:07,800 INFO  [PositiveLoginTest] Fail: WebDriver couldn’t locate the element: By.xpath: /html//header[@id='header']//a[@href='/landing']/img[contains(@src,'/logo_h.png')]
[main] [find] 22:22:08,329 INFO  [PositiveLoginTest] Fail: WebDriver couldn’t locate the element: By.xpath: /html//header[@id='header']//a[@href='/landing']/img[contains(@src,'/logo_h.png')]
[main] [find] 22:22:08,862 INFO  [PositiveLoginTest] Fail: WebDriver couldn’t locate the element: By.xpath: /html//header[@id='header']//a[@href='/landing']/img[contains(@src,'/logo_h.png')]
[main] [find] 22:22:09,381 INFO  [PositiveLoginTest] Fail: WebDriver couldn’t locate the element: By.xpath: /html//header[@id='header']//a[@href='/landing']/img[contains(@src,'/logo_h.png')]
[main] [find] 22:22:09,905 INFO  [PositiveLoginTest] Fail: WebDriver couldn’t locate the element: By.xpath: /html//header[@id='header']//a[@href='/landing']/img[contains(@src,'/logo_h.png')]
[main] [find] 22:22:10,422 INFO  [PositiveLoginTest] Fail: WebDriver couldn’t locate the element: By.xpath: /html//header[@id='header']//a[@href='/landing']/img[contains(@src,'/logo_h.png')]
[main] [find] 22:22:10,937 INFO  [PositiveLoginTest] Fail: WebDriver couldn’t locate the element: By.xpath: /html//header[@id='header']//a[@href='/landing']/img[contains(@src,'/logo_h.png')]
[main] [waitForImage] 22:22:10,938 INFO  [PositiveLoginTest] WaitForImage timeout
]]></system-out>
    <system-err><![CDATA[SLF4J: Failed to load class "org.slf4j.impl.StaticLoggerBinder".
SLF4J: Defaulting to no-operation (NOP) logger implementation
SLF4J: See http://www.slf4j.org/codes.html#StaticLoggerBinder for further details.
Starting ChromeDriver 95.0.4638.54 (d31a821ec901f68d0d34ccdbaea45b4c86ce543e-refs/branch-heads/4638@{#871}) on port 4017
Only local connections are allowed.
Please see https://chromedriver.chromium.org/security-considerations for suggestions on keeping ChromeDriver safe.
ChromeDriver was started successfully.
Nov 04, 2021 10:21:47 PM org.openqa.selenium.remote.ProtocolHandshake createSession
INFO: Detected dialect: W3C
]]></system-err>
  </testcase>
  <testcase name="bannerCheck[public void com.tribu.qaselenium.tests.apiba.APILoadContentTests.bannerCheck(java.lang.reflect.Method,java.util.Map), {date=, country=PERÚ, refAtributeTitleDescription=, sharpId2=100000001, multimediaContent=, focoRelations=, sharpId1=100000001, refAtributeIcon=, addVideo=, section=Home, hubCategoryItem=, miniImage=, articleType=, articleTypeItem=, focoRelationsItem=, expectedMessage1=se ha creado., expectedMessage2=Eliminado 1 elemento de contenido., focoName=, contentType=banner, brand=, direccion=, contentTitle=, published=Test-published, autor=, phone=, subtitle=, frame=, refAtributeValue=, socialIcon=, guardar=Test-guardar, link=/wellness, description=Test-description, title=test-load-banner, refAtributeTitle=, focoUrlAlias=, focoRelationsWeight=, password2=Testing123#$, password1=Testing123#$, socialUrl=, urlLink=, highLImage=, column=, testDescription=, todo=TRUE, mainImage=Test-banner-mainImage.jpg, columnItem=, wellnessPillar=, information=, refAtributeDescription=, socialUrlText=}](2)" classname="com.tribu.qaselenium.tests.apiba.APILoadContentTests" time="23.851">
    <failure message="Expected condition failed: waiting for com.tribu.qaselenium.testframework.pagebase.BasePO$$Lambda$464/0x000000084030a040@7f5538a1 (tried for 15 second(s) with 500 milliseconds interval)" type="org.openqa.selenium.TimeoutException"><![CDATA[org.openqa.selenium.TimeoutException: Expected condition failed: waiting for com.tribu.qaselenium.testframework.pagebase.BasePO$$Lambda$464/0x000000084030a040@7f5538a1 (tried for 15 second(s) with 500 milliseconds interval)
	at com.tribu.qaselenium.tests.apiba.APILoadContentTests.bannerCheck(APILoadContentTests.java:230)
Caused by: org.openqa.selenium.NoSuchElementException: 
no such element: Unable to locate element: {"method":"xpath","selector":"/html//header[@id='header']//a[@href='/landing']/img[contains(@src,'/logo_h.png')]"}
  (Session info: chrome=95.0.4638.69)
For documentation on this error, please visit: https://www.seleniumhq.org/exceptions/no_such_element.html
Build info: version: '3.141.59', revision: 'e82be7d358', time: '2018-11-14T08:17:03'
System info: host: 'station', ip: '127.0.1.1', os.name: 'Linux', os.arch: 'amd64', os.version: '4.19.0-18-amd64', java.version: '11.0.12'
Driver info: org.openqa.selenium.chrome.ChromeDriver
Capabilities {acceptInsecureCerts: false, browserName: chrome, browserVersion: 95.0.4638.69, chrome: {chromedriverVersion: 95.0.4638.54 (d31a821ec901f..., userDataDir: /tmp/.com.google.Chrome.Pf7I8n}, goog:chromeOptions: {debuggerAddress: localhost:43123}, javascriptEnabled: true, networkConnectionEnabled: false, pageLoadStrategy: normal, platform: LINUX, platformName: LINUX, proxy: Proxy(), setWindowRect: true, strictFileInteractability: false, timeouts: {implicit: 0, pageLoad: 300000, script: 30000}, unhandledPromptBehavior: dismiss and notify, webauthn:extension:credBlob: true, webauthn:extension:largeBlob: true, webauthn:virtualAuthenticators: true}
Session ID: e093f7a349f47816ed68a1aea86973c8
*** Element info: {Using=xpath, value=/html//header[@id='header']//a[@href='/landing']/img[contains(@src,'/logo_h.png')]}
	at com.tribu.qaselenium.tests.apiba.APILoadContentTests.bannerCheck(APILoadContentTests.java:230)
]]></failure>
    <system-out><![CDATA[[main] [tearDown] 22:22:11,881 INFO  [PositiveLoginTest] [1170173753] se cierra driver
[main] [setUp] 22:22:12,509 INFO  [PositiveLoginTest] run setUp Method
[main] [bannerCheck] 22:22:12,518 INFO  [PositiveLoginTest] carga variables
[main] [waitForPageToLoad] 22:22:14,954 INFO  [PositiveLoginTest] Espero el cargue de la pagina
[main] [waitForPageToLoad] 22:22:17,079 INFO  [PositiveLoginTest] Espero el cargue de la pagina
[main] [waitForPageToLoad] 22:22:17,190 INFO  [PositiveLoginTest] Espero el cargue de la pagina
[main] [waitForPageToLoad] 22:22:20,520 INFO  [PositiveLoginTest] Espero el cargue de la pagina
[main] [bannerCheck] 22:22:20,520 INFO  [PositiveLoginTest] depues de login
[main] [find] 22:22:20,552 INFO  [PositiveLoginTest] Fail: WebDriver couldn’t locate the element: By.xpath: /html//header[@id='header']//a[@href='/landing']/img[contains(@src,'/logo_h.png')]
[main] [find] 22:22:21,078 INFO  [PositiveLoginTest] Fail: WebDriver couldn’t locate the element: By.xpath: /html//header[@id='header']//a[@href='/landing']/img[contains(@src,'/logo_h.png')]
[main] [find] 22:22:21,611 INFO  [PositiveLoginTest] Fail: WebDriver couldn’t locate the element: By.xpath: /html//header[@id='header']//a[@href='/landing']/img[contains(@src,'/logo_h.png')]
[main] [find] 22:22:22,133 INFO  [PositiveLoginTest] Fail: WebDriver couldn’t locate the element: By.xpath: /html//header[@id='header']//a[@href='/landing']/img[contains(@src,'/logo_h.png')]
[main] [find] 22:22:22,664 INFO  [PositiveLoginTest] Fail: WebDriver couldn’t locate the element: By.xpath: /html//header[@id='header']//a[@href='/landing']/img[contains(@src,'/logo_h.png')]
[main] [find] 22:22:23,194 INFO  [PositiveLoginTest] Fail: WebDriver couldn’t locate the element: By.xpath: /html//header[@id='header']//a[@href='/landing']/img[contains(@src,'/logo_h.png')]
[main] [find] 22:22:23,724 INFO  [PositiveLoginTest] Fail: WebDriver couldn’t locate the element: By.xpath: /html//header[@id='header']//a[@href='/landing']/img[contains(@src,'/logo_h.png')]
[main] [find] 22:22:24,255 INFO  [PositiveLoginTest] Fail: WebDriver couldn’t locate the element: By.xpath: /html//header[@id='header']//a[@href='/landing']/img[contains(@src,'/logo_h.png')]
[main] [find] 22:22:26,241 INFO  [PositiveLoginTest] Fail: WebDriver couldn’t locate the element: By.xpath: /html//header[@id='header']//a[@href='/landing']/img[contains(@src,'/logo_h.png')]
[main] [find] 22:22:26,769 INFO  [PositiveLoginTest] Fail: WebDriver couldn’t locate the element: By.xpath: /html//header[@id='header']//a[@href='/landing']/img[contains(@src,'/logo_h.png')]
[main] [find] 22:22:27,285 INFO  [PositiveLoginTest] Fail: WebDriver couldn’t locate the element: By.xpath: /html//header[@id='header']//a[@href='/landing']/img[contains(@src,'/logo_h.png')]
[main] [find] 22:22:27,808 INFO  [PositiveLoginTest] Fail: WebDriver couldn’t locate the element: By.xpath: /html//header[@id='header']//a[@href='/landing']/img[contains(@src,'/logo_h.png')]
[main] [find] 22:22:28,323 INFO  [PositiveLoginTest] Fail: WebDriver couldn’t locate the element: By.xpath: /html//header[@id='header']//a[@href='/landing']/img[contains(@src,'/logo_h.png')]
[main] [find] 22:22:28,839 INFO  [PositiveLoginTest] Fail: WebDriver couldn’t locate the element: By.xpath: /html//header[@id='header']//a[@href='/landing']/img[contains(@src,'/logo_h.png')]
[main] [find] 22:22:29,365 INFO  [PositiveLoginTest] Fail: WebDriver couldn’t locate the element: By.xpath: /html//header[@id='header']//a[@href='/landing']/img[contains(@src,'/logo_h.png')]
[main] [find] 22:22:29,891 INFO  [PositiveLoginTest] Fail: WebDriver couldn’t locate the element: By.xpath: /html//header[@id='header']//a[@href='/landing']/img[contains(@src,'/logo_h.png')]
[main] [find] 22:22:30,416 INFO  [PositiveLoginTest] Fail: WebDriver couldn’t locate the element: By.xpath: /html//header[@id='header']//a[@href='/landing']/img[contains(@src,'/logo_h.png')]
[main] [find] 22:22:30,943 INFO  [PositiveLoginTest] Fail: WebDriver couldn’t locate the element: By.xpath: /html//header[@id='header']//a[@href='/landing']/img[contains(@src,'/logo_h.png')]
[main] [find] 22:22:31,470 INFO  [PositiveLoginTest] Fail: WebDriver couldn’t locate the element: By.xpath: /html//header[@id='header']//a[@href='/landing']/img[contains(@src,'/logo_h.png')]
[main] [find] 22:22:31,994 INFO  [PositiveLoginTest] Fail: WebDriver couldn’t locate the element: By.xpath: /html//header[@id='header']//a[@href='/landing']/img[contains(@src,'/logo_h.png')]
[main] [find] 22:22:32,517 INFO  [PositiveLoginTest] Fail: WebDriver couldn’t locate the element: By.xpath: /html//header[@id='header']//a[@href='/landing']/img[contains(@src,'/logo_h.png')]
[main] [find] 22:22:33,043 INFO  [PositiveLoginTest] Fail: WebDriver couldn’t locate the element: By.xpath: /html//header[@id='header']//a[@href='/landing']/img[contains(@src,'/logo_h.png')]
[main] [find] 22:22:33,564 INFO  [PositiveLoginTest] Fail: WebDriver couldn’t locate the element: By.xpath: /html//header[@id='header']//a[@href='/landing']/img[contains(@src,'/logo_h.png')]
[main] [find] 22:22:34,087 INFO  [PositiveLoginTest] Fail: WebDriver couldn’t locate the element: By.xpath: /html//header[@id='header']//a[@href='/landing']/img[contains(@src,'/logo_h.png')]
[main] [find] 22:22:34,611 INFO  [PositiveLoginTest] Fail: WebDriver couldn’t locate the element: By.xpath: /html//header[@id='header']//a[@href='/landing']/img[contains(@src,'/logo_h.png')]
[main] [find] 22:22:35,136 INFO  [PositiveLoginTest] Fail: WebDriver couldn’t locate the element: By.xpath: /html//header[@id='header']//a[@href='/landing']/img[contains(@src,'/logo_h.png')]
[main] [find] 22:22:35,657 INFO  [PositiveLoginTest] Fail: WebDriver couldn’t locate the element: By.xpath: /html//header[@id='header']//a[@href='/landing']/img[contains(@src,'/logo_h.png')]
[main] [waitForImage] 22:22:35,658 INFO  [PositiveLoginTest] WaitForImage timeout
]]></system-out>
    <system-err><![CDATA[Starting ChromeDriver 95.0.4638.54 (d31a821ec901f68d0d34ccdbaea45b4c86ce543e-refs/branch-heads/4638@{#871}) on port 17122
Only local connections are allowed.
Please see https://chromedriver.chromium.org/security-considerations for suggestions on keeping ChromeDriver safe.
ChromeDriver was started successfully.
Nov 04, 2021 10:22:12 PM org.openqa.selenium.remote.ProtocolHandshake createSession
INFO: Detected dialect: W3C
]]></system-err>
  </testcase>
  <testcase name="banner" classname="com.tribu.qaselenium.tests.apiba.APILoadContentTests" time="0">
    <skipped message="Method APILoadContentTests.banner(java.lang.reflect.Method,java.util.Map)[pri:0, instance:com.tribu.qaselenium.tests.apiba.APILoadContentTests@780cb77] depends on not successfully finished methods in group &quot;checkContent&quot;"/>
    <system-out><![CDATA[[main] [tearDown] 22:22:36,461 INFO  [PositiveLoginTest] [2089578710] se cierra driver
]]></system-out>
    <system-err><![CDATA[org.openqa.selenium.NoSuchSessionException: Session ID is null. Using WebDriver after calling quit()?
Build info: version: '3.141.59', revision: 'e82be7d358', time: '2018-11-14T08:17:03'
System info: host: 'station', ip: '127.0.1.1', os.name: 'Linux', os.arch: 'amd64', os.version: '4.19.0-18-amd64', java.version: '11.0.12'
Driver info: driver.version: RemoteWebDriver
	at org.openqa.selenium.remote.HttpCommandExecutor.execute(HttpCommandExecutor.java:125)
	at org.openqa.selenium.remote.service.DriverCommandExecutor.execute(DriverCommandExecutor.java:83)
	at org.openqa.selenium.remote.RemoteWebDriver.execute(RemoteWebDriver.java:552)
	at org.openqa.selenium.remote.RemoteWebDriver.execute(RemoteWebDriver.java:609)
	at org.openqa.selenium.remote.RemoteWebDriver.getScreenshotAs(RemoteWebDriver.java:295)
	at com.tribu.qaselenium.testframework.testbase.TestUtilities.takeScreenshot(TestUtilities.java:63)
	at com.tribu.qaselenium.testframework.testbase.TestsListenerManager.onTestSkipped(TestsListenerManager.java:24)
	at org.testng.internal.TestListenerHelper.runTestListeners(TestListenerHelper.java:87)
	at org.testng.internal.TestInvoker.runTestResultListener(TestInvoker.java:219)
	at org.testng.internal.TestInvoker.invokeListenersForSkippedTestResult(TestInvoker.java:447)
	at org.testng.internal.TestInvoker.invokeTestMethods(TestInvoker.java:105)
	at org.testng.internal.TestMethodWorker.invokeTestMethods(TestMethodWorker.java:146)
	at org.testng.internal.TestMethodWorker.run(TestMethodWorker.java:128)
	at java.base/java.util.ArrayList.forEach(ArrayList.java:1541)
	at org.testng.TestRunner.privateRun(TestRunner.java:794)
	at org.testng.TestRunner.run(TestRunner.java:596)
	at org.testng.SuiteRunner.runTest(SuiteRunner.java:377)
	at org.testng.SuiteRunner.runSequentially(SuiteRunner.java:371)
	at org.testng.SuiteRunner.privateRun(SuiteRunner.java:332)
	at org.testng.SuiteRunner.run(SuiteRunner.java:276)
	at org.testng.SuiteRunnerWorker.runSuite(SuiteRunnerWorker.java:53)
	at org.testng.SuiteRunnerWorker.run(SuiteRunnerWorker.java:96)
	at org.testng.TestNG.runSuitesSequentially(TestNG.java:1212)
	at org.testng.TestNG.runSuitesLocally(TestNG.java:1134)
	at org.testng.TestNG.runSuites(TestNG.java:1063)
	at org.testng.TestNG.run(TestNG.java:1031)
	at org.apache.maven.surefire.testng.TestNGExecutor.run(TestNGExecutor.java:284)
	at org.apache.maven.surefire.testng.TestNGXmlTestSuite.execute(TestNGXmlTestSuite.java:75)
	at org.apache.maven.surefire.testng.TestNGProvider.invoke(TestNGProvider.java:119)
	at org.apache.maven.surefire.booter.ForkedBooter.runSuitesInProcess(ForkedBooter.java:428)
	at org.apache.maven.surefire.booter.ForkedBooter.execute(ForkedBooter.java:162)
	at org.apache.maven.surefire.booter.ForkedBooter.run(ForkedBooter.java:562)
	at org.apache.maven.surefire.booter.ForkedBooter.main(ForkedBooter.java:548)
]]></system-err>
  </testcase>
</testsuite>